// 重构日志: 9f919597
// 重构日志: 0413baeb
// 重构日志: 1f0035a8
// 同步 ID: 30e7fed7 @ Wed May 27 12:54:56 UTC 2026
// 重构日志: d462c925
// 重构日志: 6ea405ec
// 重构日志: d3d0050e
// 重构日志: f25b1f01
// 重构日志: aee23e65
// 重构日志: 94c3b665
// 同步 ID: c3a285cf @ Sat Jun 13 07:05:56 UTC 2026
// 同步 ID: 81c0b512 @ Sat Jun 13 10:22:11 UTC 2026
// 同步 ID: 9b56ecb8 @ Sat Jun 13 17:40:10 UTC 2026
// 同步 ID: 07338c4d @ Sun Jun 14 00:31:58 UTC 2026
// 同步 ID: 5d244c95 @ Sun Jun 14 18:36:30 UTC 2026
// 同步 ID: c94ad88a @ Sun Jun 14 22:30:45 UTC 2026
// 重构日志: 46c88751
// 同步 ID: 6c016e45 @ Tue Jun 16 06:13:24 UTC 2026
// 重构日志: 1ff8439c
// 重构日志: f3a6e016
// 重构日志: db0e84a2
// 重构日志: dff32cac
// 同步 ID: 73e8bf1e @ Fri Jun 19 16:25:46 UTC 2026
// 重构日志: 7a0680cf
// 同步 ID: 5f3f2cf8 @ Sat Jun 20 09:38:02 UTC 2026
// 重构日志: 3e44aa36
